Timestamp: 9/Dez/2012 23:08:09
CellMaxPower: 150.0
DebugMode: false
EfficientComm: true
EfficientHuman: true
MapFile: 3.0
NumCaptains: 20.0
NumRobots: 100.0
NumSoldiers: 50.0
RadioCommInterval: 40.0
RadioMaxPower: 400.0
RadioMaxRange: 100.0
RobotMaxPower: 350.0
UseIcons: false
VisionRange: 4.0
WithGraphics: true


"run","tick","RngSeed","numRobots","numSoldiers","numCaptains","radioCommInterval","radioMaxRange","visionRange","robotMaxPower","radioMaxPower","useIcons","cellMaxPower","efficientComm","efficientHuman","debugMode","mapFile","withGraphics"
1,903.0,1355094489696,100.0,50.0,20.0,40.0,100.0,4.0,350.0,400.0,false,150.0,true,true,false,3.0,true
2,1170.0,1355094538754,100.0,50.0,20.0,40.0,100.0,4.0,350.0,400.0,false,150.0,true,true,false,3.0,true
3,1469.0,1355094602272,100.0,50.0,20.0,40.0,100.0,4.0,350.0,400.0,false,150.0,true,true,false,3.0,true
4,937.0,1355094677748,100.0,50.0,20.0,40.0,100.0,4.0,350.0,400.0,false,150.0,true,true,false,3.0,true
5,895.0,1355094727630,100.0,50.0,20.0,40.0,100.0,4.0,350.0,400.0,false,150.0,true,true,false,3.0,true
