Timestamp: 9/Dez/2012 23:35:40
CellMaxPower: 150.0
DebugMode: false
EfficientComm: true
EfficientHuman: true
MapFile: 1.0
NumCaptains: 20.0
NumRobots: 100.0
NumSoldiers: 50.0
RadioCommInterval: 40.0
RadioMaxPower: 400.0
RadioMaxRange: 100.0
RobotMaxPower: 350.0
UseIcons: false
VisionRange: 1.0
WithGraphics: true


"run","tick","RngSeed","numRobots","numSoldiers","numCaptains","radioCommInterval","radioMaxRange","visionRange","robotMaxPower","radioMaxPower","useIcons","cellMaxPower","efficientComm","efficientHuman","debugMode","mapFile","withGraphics"
1,41.0,1355096140085,100.0,50.0,20.0,40.0,100.0,1.0,350.0,400.0,false,150.0,true,true,false,1.0,true
2,123.0,1355096141916,100.0,50.0,20.0,40.0,100.0,1.0,350.0,400.0,false,150.0,true,true,false,1.0,true
3,55.0,1355096144942,100.0,50.0,20.0,40.0,100.0,1.0,350.0,400.0,false,150.0,true,true,false,1.0,true
4,55.0,1355096146482,100.0,50.0,20.0,40.0,100.0,1.0,350.0,400.0,false,150.0,true,true,false,1.0,true
5,43.0,1355096148009,100.0,50.0,20.0,40.0,100.0,1.0,350.0,400.0,false,150.0,true,true,false,1.0,true
6,70.0,1355096149322,100.0,50.0,20.0,40.0,100.0,1.0,350.0,400.0,false,150.0,true,true,false,1.0,true
7,39.0,1355096151095,100.0,50.0,20.0,40.0,100.0,1.0,350.0,400.0,false,150.0,true,true,false,1.0,true
8,69.0,1355096152243,100.0,50.0,20.0,40.0,100.0,1.0,350.0,400.0,false,150.0,true,true,false,1.0,true
9,45.0,1355096153855,100.0,50.0,20.0,40.0,100.0,1.0,350.0,400.0,false,150.0,true,true,false,1.0,true
10,128.0,1355096155057,100.0,50.0,20.0,40.0,100.0,1.0,350.0,400.0,false,150.0,true,true,false,1.0,true

End Time: 9/Dez/2012 23:35:57