Timestamp: 10/Dez/2012 0:06:28
CellMaxPower: 150.0
DebugMode: false
EfficientComm: true
EfficientHuman: true
MapFile: 1.0
NumCaptains: 20.0
NumRobots: 100.0
NumSoldiers: 50.0
RadioCommInterval: 40.0
RadioMaxPower: 400.0
RadioMaxRange: 40.0
RobotMaxPower: 350.0
UseIcons: false
VisionRange: 40.0
WithGraphics: true


"run","tick","RngSeed","numRobots","numSoldiers","numCaptains","radioCommInterval","radioMaxRange","visionRange","robotMaxPower","radioMaxPower","useIcons","cellMaxPower","efficientComm","efficientHuman","debugMode","mapFile","withGraphics"
1,37.0,1355097988410,100.0,50.0,20.0,40.0,40.0,40.0,350.0,400.0,false,150.0,true,true,false,1.0,true
2,36.0,1355097989988,100.0,50.0,20.0,40.0,40.0,40.0,350.0,400.0,false,150.0,true,true,false,1.0,true
3,38.0,1355097991245,100.0,50.0,20.0,40.0,40.0,40.0,350.0,400.0,false,150.0,true,true,false,1.0,true
4,36.0,1355097992569,100.0,50.0,20.0,40.0,40.0,40.0,350.0,400.0,false,150.0,true,true,false,1.0,true
5,37.0,1355097993935,100.0,50.0,20.0,40.0,40.0,40.0,350.0,400.0,false,150.0,true,true,false,1.0,true
6,36.0,1355097995159,100.0,50.0,20.0,40.0,40.0,40.0,350.0,400.0,false,150.0,true,true,false,1.0,true
7,36.0,1355097996268,100.0,50.0,20.0,40.0,40.0,40.0,350.0,400.0,false,150.0,true,true,false,1.0,true
8,39.0,1355097997385,100.0,50.0,20.0,40.0,40.0,40.0,350.0,400.0,false,150.0,true,true,false,1.0,true
9,37.0,1355097998726,100.0,50.0,20.0,40.0,40.0,40.0,350.0,400.0,false,150.0,true,true,false,1.0,true
10,37.0,1355097999897,100.0,50.0,20.0,40.0,40.0,40.0,350.0,400.0,false,150.0,true,true,false,1.0,true

End Time: 10/Dez/2012 0:06:41