Timestamp: 10/Dez/2012 1:28:12
CellMaxPower: 550.0
DebugMode: false
EfficientComm: true
EfficientHuman: true
MapFile: 2.0
NumCaptains: 1.0
NumRobots: 0.0
NumSoldiers: 50.0
RadioCommInterval: 40.0
RadioMaxPower: 500.0
RadioMaxRange: 40.0
RobotMaxPower: 350.0
UseIcons: false
VisionRange: 10.0
WithGraphics: true


"run","tick","RngSeed","numRobots","numSoldiers","numCaptains","radioCommInterval","radioMaxRange","visionRange","robotMaxPower","radioMaxPower","useIcons","cellMaxPower","efficientComm","efficientHuman","debugMode","mapFile","withGraphics"
1,209.0,1355102892643,0.0,50.0,1.0,40.0,40.0,10.0,350.0,500.0,false,550.0,true,true,false,2.0,true
2,193.0,1355102902025,0.0,50.0,1.0,40.0,40.0,10.0,350.0,500.0,false,550.0,true,true,false,2.0,true
3,190.0,1355102909953,0.0,50.0,1.0,40.0,40.0,10.0,350.0,500.0,false,550.0,true,true,false,2.0,true
4,214.0,1355102917863,0.0,50.0,1.0,40.0,40.0,10.0,350.0,500.0,false,550.0,true,true,false,2.0,true
5,207.0,1355102925978,0.0,50.0,1.0,40.0,40.0,10.0,350.0,500.0,false,550.0,true,true,false,2.0,true
6,222.0,1355102933969,0.0,50.0,1.0,40.0,40.0,10.0,350.0,500.0,false,550.0,true,true,false,2.0,true
7,1075.0,1355102942608,0.0,50.0,1.0,40.0,40.0,10.0,350.0,500.0,false,550.0,true,true,false,2.0,true
8,201.0,1355102986615,0.0,50.0,1.0,40.0,40.0,10.0,350.0,500.0,false,550.0,true,true,false,2.0,true
9,231.0,1355102994252,0.0,50.0,1.0,40.0,40.0,10.0,350.0,500.0,false,550.0,true,true,false,2.0,true
10,197.0,1355103002983,0.0,50.0,1.0,40.0,40.0,10.0,350.0,500.0,false,550.0,true,true,false,2.0,true

End Time: 10/Dez/2012 1:30:10