Timestamp: 10/Dez/2012 0:05:08
CellMaxPower: 150.0
DebugMode: false
EfficientComm: true
EfficientHuman: true
MapFile: 1.0
NumCaptains: 20.0
NumRobots: 100.0
NumSoldiers: 50.0
RadioCommInterval: 40.0
RadioMaxPower: 400.0
RadioMaxRange: 1.0
RobotMaxPower: 350.0
UseIcons: false
VisionRange: 40.0
WithGraphics: true


"run","tick","RngSeed","numRobots","numSoldiers","numCaptains","radioCommInterval","radioMaxRange","visionRange","robotMaxPower","radioMaxPower","useIcons","cellMaxPower","efficientComm","efficientHuman","debugMode","mapFile","withGraphics"
1,38.0,1355097908604,100.0,50.0,20.0,40.0,1.0,40.0,350.0,400.0,false,150.0,true,true,false,1.0,true
2,38.0,1355097910215,100.0,50.0,20.0,40.0,1.0,40.0,350.0,400.0,false,150.0,true,true,false,1.0,true
3,38.0,1355097911537,100.0,50.0,20.0,40.0,1.0,40.0,350.0,400.0,false,150.0,true,true,false,1.0,true
4,37.0,1355097912832,100.0,50.0,20.0,40.0,1.0,40.0,350.0,400.0,false,150.0,true,true,false,1.0,true
5,37.0,1355097914032,100.0,50.0,20.0,40.0,1.0,40.0,350.0,400.0,false,150.0,true,true,false,1.0,true
6,37.0,1355097915237,100.0,50.0,20.0,40.0,1.0,40.0,350.0,400.0,false,150.0,true,true,false,1.0,true
7,38.0,1355097916388,100.0,50.0,20.0,40.0,1.0,40.0,350.0,400.0,false,150.0,true,true,false,1.0,true
8,36.0,1355097917612,100.0,50.0,20.0,40.0,1.0,40.0,350.0,400.0,false,150.0,true,true,false,1.0,true
9,34.0,1355097918795,100.0,50.0,20.0,40.0,1.0,40.0,350.0,400.0,false,150.0,true,true,false,1.0,true
10,37.0,1355097919881,100.0,50.0,20.0,40.0,1.0,40.0,350.0,400.0,false,150.0,true,true,false,1.0,true

End Time: 10/Dez/2012 0:05:21