Timestamp: 10/Dez/2012 1:50:39
CellMaxPower: 0.0
DebugMode: false
EfficientComm: true
EfficientHuman: true
MapFile: 2.0
NumCaptains: 0.0
NumRobots: 0.0
NumSoldiers: 100.0
RadioCommInterval: 40.0
RadioMaxPower: 100.0
RadioMaxRange: 20.0
RobotMaxPower: 350.0
UseIcons: false
VisionRange: 5.0
WithGraphics: true


"run","tick","RngSeed","numRobots","numSoldiers","numCaptains","radioCommInterval","radioMaxRange","visionRange","robotMaxPower","radioMaxPower","useIcons","cellMaxPower","efficientComm","efficientHuman","debugMode","mapFile","withGraphics"
1,218.0,1355104239134,0.0,100.0,0.0,40.0,20.0,5.0,350.0,100.0,false,0.0,true,true,false,2.0,true
2,261.0,1355104248855,0.0,100.0,0.0,40.0,20.0,5.0,350.0,100.0,false,0.0,true,true,false,2.0,true
3,227.0,1355104259545,0.0,100.0,0.0,40.0,20.0,5.0,350.0,100.0,false,0.0,true,true,false,2.0,true
4,231.0,1355104268591,0.0,100.0,0.0,40.0,20.0,5.0,350.0,100.0,false,0.0,true,true,false,2.0,true
5,4470.0,1355104277799,0.0,100.0,0.0,40.0,20.0,5.0,350.0,100.0,false,0.0,true,true,false,2.0,true
6,3610.0,1355104505545,0.0,100.0,0.0,40.0,20.0,5.0,350.0,100.0,false,0.0,true,true,false,2.0,true
7,425.0,1355104690394,0.0,100.0,0.0,40.0,20.0,5.0,350.0,100.0,false,0.0,true,true,false,2.0,true
8,251.0,1355104706697,0.0,100.0,0.0,40.0,20.0,5.0,350.0,100.0,false,0.0,true,true,false,2.0,true
