#
# A fatal error has been detected by the Java Runtime Environment:
#
#  EXCEPTION_ACCESS_VIOLATION (0xc0000005) at pc=0x000000006da528e5, pid=6632, tid=4928
#
# JRE version: 6.0_32-b05
# Java VM: Java HotSpot(TM) 64-Bit Server VM (20.7-b02 mixed mode windows-amd64 compressed oops)
# Problematic frame:
# V  [jvm.dll+0x2528e5]
#
# If you would like to submit a bug report, please visit:
#   http://java.sun.com/webapps/bugreport/crash.jsp
#

---------------  T H R E A D  ---------------

Current thread (0x000000000627c800):  VMThread [stack: 0x0000000006cd0000,0x0000000006dd0000] [id=4928]

siginfo: ExceptionCode=0xc0000005, reading address 0x00000004000000c0

Registers:
RAX=0x0000000400000000, RBX=0x00000007909d41a8, RCX=0x00000007809d7d40, RDX=0x00000007909d41a8
RSP=0x0000000006dcf8d0, RBP=0x0000000000000000, RSI=0x000000000058b120, RDI=0x0000000000000000
R8 =0x0000000000000ff0, R9 =0x000000000bcb9a80, R10=0x00000000000001fe, R11=0x0000000000000000
R12=0x0000000000369ca0, R13=0x0000000000369e50, R14=0x000000000058da70, R15=0x0000000000000012
RIP=0x000000006da528e5, EFLAGS=0x0000000000010206

Top of Stack: (sp=0x0000000006dcf8d0)
0x0000000006dcf8d0:   0000000780ac4180 0000000000000000
0x0000000006dcf8e0:   000000000058b120 0000000793e9eaa0
0x0000000006dcf8f0:   0000000000369ca0 000000006dbc8020
0x0000000006dcf900:   0000000000000000 0000000000369c10
0x0000000006dcf910:   000000000058b120 000000006df1b150
0x0000000006dcf920:   0000000000367ea0 000000006dbd5d92
0x0000000006dcf930:   000000006ddcb108 0000000000000000
0x0000000006dcf940:   000000006df1b150 0000000000000c01
0x0000000006dcf950:   0000000006010100 0000000000000000
0x0000000006dcf960:   0000000006288000 0000000000000000
0x0000000006dcf970:   000000001cbb0400 0000000000367ea0
0x0000000006dcf980:   0000000000369ca0 000000006dbc8c2b
0x0000000006dcf990:   0000000000389e01 0000000000369c10
0x0000000006dcf9a0:   0000000000000000 0000000000389da0
0x0000000006dcf9b0:   0000000000367e01 0000000027460001
0x0000000006dcf9c0:   00000000552b0001 0000000000000001 

Instructions: (pc=0x000000006da528e5)
0x000000006da528c5:   b6 0d 65 29 4b 00 48 d3 e0 48 03 05 53 29 4b 00
0x000000006da528d5:   eb 04 48 8b 43 08 48 8d 48 10 48 8b d3 48 8b 01
0x000000006da528e5:   ff 90 c0 00 00 00 48 8b 0d 66 86 4c 00 48 85 c9
0x000000006da528f5:   0f 85 15 ff ff ff 48 8b 15 46 87 4c 00 48 85 d2 


Register to memory mapping:

RAX=0x0000000400000000 is an unknown value
RBX=0x00000007909d41a8 is an oop
[Ljava.lang.Object; 
 - klass: 'java/lang/Object'[]
 - length: 5526212
RCX=0x00000007809d7d40 is an oop
java.lang.String 
 - klass: 'java/lang/String'
RDX=0x00000007909d41a8 is an oop
[Ljava.lang.Object; 
 - klass: 'java/lang/Object'[]
 - length: 5526212
RSP=0x0000000006dcf8d0 is an unknown value
RBP=0x0000000000000000 is an unknown value
RSI=0x000000000058b120 is an unknown value
RDI=0x0000000000000000 is an unknown value
R8 =0x0000000000000ff0 is an unknown value
R9 =0x000000000bcb9a80 is an unknown value
R10=0x00000000000001fe is an unknown value
R11=0x0000000000000000 is an unknown value
R12=0x0000000000369ca0 is an unknown value
R13=0x0000000000369e50 is an unknown value
R14=0x000000000058da70 is an unknown value
R15=0x0000000000000012 is an unknown value


Stack: [0x0000000006cd0000,0x0000000006dd0000],  sp=0x0000000006dcf8d0,  free space=1022k
Native frames: (J=compiled Java code, j=interpreted, Vv=VM code, C=native code)
V  [jvm.dll+0x2528e5]

[error occurred during error reporting (printing native stack), id 0xc0000005]

VM_Operation (0x00000000083cee90): ParallelGCFailedAllocation, mode: safepoint, requested by thread 0x00000000078fc000


---------------  P R O C E S S  ---------------

Java Threads: ( => current thread )
  0x00000000078fc000 JavaThread "Thread-8" [_thread_blocked, id=6884, stack(0x00000000082d0000,0x00000000083d0000)]
  0x00000000078fb800 JavaThread "Thread-7" daemon [_thread_blocked, id=7916, stack(0x00000000081d0000,0x00000000082d0000)]
  0x0000000007920000 JavaThread "Thread-6" daemon [_thread_blocked, id=5276, stack(0x00000000080d0000,0x00000000081d0000)]
  0x000000000780b000 JavaThread "TimerQueue" daemon [_thread_blocked, id=5980, stack(0x0000000007fd0000,0x00000000080d0000)]
  0x000000000058c000 JavaThread "DestroyJavaVM" [_thread_blocked, id=8140, stack(0x0000000001cb0000,0x0000000001db0000)]
  0x000000000791e800 JavaThread "D3D Screen Updater" daemon [_thread_blocked, id=5036, stack(0x000000000b130000,0x000000000b230000)]
  0x000000000768e800 JavaThread "AWT-EventQueue-0" [_thread_blocked, id=6416, stack(0x000000000a4a0000,0x000000000a5a0000)]
  0x00000000076b5800 JavaThread "AWT-Windows" daemon [_thread_blocked, id=2756, stack(0x0000000007ed0000,0x0000000007fd0000)]
  0x000000000630c800 JavaThread "AWT-Shutdown" [_thread_blocked, id=6148, stack(0x0000000007dd0000,0x0000000007ed0000)]
  0x000000000630c000 JavaThread "Java2D Disposer" daemon [_thread_blocked, id=6620, stack(0x0000000007cd0000,0x0000000007dd0000)]
  0x00000000062f1800 JavaThread "Low Memory Detector" daemon [_thread_blocked, id=5920, stack(0x00000000073d0000,0x00000000074d0000)]
  0x00000000062e8000 JavaThread "C2 CompilerThread1" daemon [_thread_blocked, id=5688, stack(0x00000000072d0000,0x00000000073d0000)]
  0x00000000062e1000 JavaThread "C2 CompilerThread0" daemon [_thread_blocked, id=4468, stack(0x00000000071d0000,0x00000000072d0000)]
  0x00000000062e0800 JavaThread "Attach Listener" daemon [_thread_blocked, id=7668, stack(0x00000000070d0000,0x00000000071d0000)]
  0x00000000062df800 JavaThread "Signal Dispatcher" daemon [_thread_blocked, id=7256, stack(0x0000000006fd0000,0x00000000070d0000)]
  0x000000000628e000 JavaThread "Finalizer" daemon [_thread_blocked, id=6280, stack(0x0000000006ed0000,0x0000000006fd0000)]
  0x0000000006288000 JavaThread "Reference Handler" daemon [_thread_blocked, id=6892, stack(0x0000000006dd0000,0x0000000006ed0000)]

Other Threads:
=>0x000000000627c800 VMThread [stack: 0x0000000006cd0000,0x0000000006dd0000] [id=4928]
  0x000000000630a800 WatcherThread [stack: 0x00000000074d0000,0x00000000075d0000] [id=2644]

VM state:at safepoint (normal execution)

VM Mutex/Monitor currently owned by a thread:  ([mutex/lock_event])
[0x000000000058a320] Threads_lock - owner thread: 0x000000000627c800
[0x000000000058a820] Heap_lock - owner thread: 0x00000000078fc000

Heap
 PSYoungGen      total 145216K, used 15220K [0x00000007d56b0000, 0x00000007dff00000, 0x0000000800000000)
  eden space 118016K, 0% used [0x00000007d56b0000,0x00000007d56b0000,0x00000007dc9f0000)
  from space 27200K, 55% used [0x00000007de470000,0x00000007df34d158,0x00000007dff00000)
  to   space 27136K, 0% used [0x00000007dc9f0000,0x00000007dc9f0000,0x00000007de470000)
 PSOldGen        total 476864K, used 470721K [0x0000000780400000, 0x000000079d5b0000, 0x00000007d56b0000)
  object space 476864K, 98% used [0x0000000780400000,0x000000079cfb0400,0x000000079d5b0000)
 PSPermGen       total 29312K, used 16463K [0x000000077b200000, 0x000000077cea0000, 0x0000000780400000)
  object space 29312K, 56% used [0x000000077b200000,0x000000077c213cd0,0x000000077cea0000)

Code Cache  [0x0000000002120000, 0x0000000002390000, 0x0000000005120000)
 total_blobs=967 nmethods=527 adapters=392 free_code_cache=48455168 largest_free_block=9920

Dynamic libraries:
0x0000000000400000 - 0x000000000042f000 	C:\Program Files\Java\jre6\bin\javaw.exe
0x0000000077b70000 - 0x0000000077d19000 	C:\Windows\SYSTEM32\ntdll.dll
0x0000000077490000 - 0x00000000775af000 	C:\Windows\system32\kernel32.dll
0x000007fefe330000 - 0x000007fefe39c000 	C:\Windows\system32\KERNELBASE.dll
0x000007feff440000 - 0x000007feff51b000 	C:\Windows\system32\ADVAPI32.dll
0x000007feff8e0000 - 0x000007feff97f000 	C:\Windows\system32\msvcrt.dll
0x000007feff620000 - 0x000007feff63f000 	C:\Windows\SYSTEM32\sechost.dll
0x000007feffaf0000 - 0x000007feffc1d000 	C:\Windows\system32\RPCRT4.dll
0x0000000077700000 - 0x00000000777fa000 	C:\Windows\system32\USER32.dll
0x000007feff980000 - 0x000007feff9e7000 	C:\Windows\system32\GDI32.dll
0x000007feff850000 - 0x000007feff85e000 	C:\Windows\system32\LPK.dll
0x000007fefe3a0000 - 0x000007fefe469000 	C:\Windows\system32\USP10.dll
0x000007feff410000 - 0x000007feff43e000 	C:\Windows\system32\IMM32.DLL
0x000007fefe570000 - 0x000007fefe679000 	C:\Windows\system32\MSCTF.dll
0x000000006d800000 - 0x000000006dfb8000 	C:\Program Files\Java\jre6\bin\server\jvm.dll
0x000007fefbb90000 - 0x000007fefbbcb000 	C:\Windows\system32\WINMM.dll
0x000000006d770000 - 0x000000006d77e000 	C:\Program Files\Java\jre6\bin\verify.dll
0x000000006d3b0000 - 0x000000006d3d7000 	C:\Program Files\Java\jre6\bin\java.dll
0x000000006d7c0000 - 0x000000006d7d2000 	C:\Program Files\Java\jre6\bin\zip.dll
0x000000006d000000 - 0x000000006d1c4000 	C:\Program Files\Java\jre6\bin\awt.dll
0x000007fef91f0000 - 0x000007fef9261000 	C:\Windows\system32\WINSPOOL.DRV
0x000007feff640000 - 0x000007feff843000 	C:\Windows\system32\ole32.dll
0x000007fefe680000 - 0x000007feff408000 	C:\Windows\system32\SHELL32.dll
0x000007feff860000 - 0x000007feff8d1000 	C:\Windows\system32\SHLWAPI.dll
0x000007fefc970000 - 0x000007fefcb64000 	C:\Windows\WinSxS\amd64_microsoft.windows.common-controls_6595b64144ccf1df_6.0.7601.17514_none_fa396087175ac9ac\COMCTL32.dll
0x000007fefc330000 - 0x000007fefc348000 	C:\Windows\system32\DWMAPI.DLL
0x000007fefc760000 - 0x000007fefc7b6000 	C:\Windows\system32\uxtheme.dll
0x000007fefdec0000 - 0x000007fefdecf000 	C:\Windows\system32\CRYPTBASE.dll
0x000000006d2a0000 - 0x000000006d307000 	C:\Program Files\Java\jre6\bin\fontmanager.dll
0x000000006d610000 - 0x000000006d627000 	C:\Program Files\Java\jre6\bin\net.dll
0x000007fefe470000 - 0x000007fefe4bd000 	C:\Windows\system32\WS2_32.dll
0x000007fefe560000 - 0x000007fefe568000 	C:\Windows\system32\NSI.dll
0x000007fefd8d0000 - 0x000007fefd925000 	C:\Windows\system32\mswsock.dll
0x000007fefd9a0000 - 0x000007fefd9a7000 	C:\Windows\System32\wship6.dll
0x000000006d630000 - 0x000000006d63b000 	C:\Program Files\Java\jre6\bin\nio.dll
0x000007fee1630000 - 0x000007fee182f000 	C:\Windows\system32\d3d9.dll
0x000007fefd0c0000 - 0x000007fefd0cc000 	C:\Windows\system32\VERSION.dll
0x000007fefb970000 - 0x000007fefb977000 	C:\Windows\system32\d3d8thk.dll
0x000007fedffc0000 - 0x000007fee1140000 	C:\Windows\system32\nvd3dumx.dll
0x0000000077d40000 - 0x0000000077d47000 	C:\Windows\system32\PSAPI.DLL
0x000007fefc050000 - 0x000007fefc07c000 	C:\Windows\system32\powrprof.dll
0x000007feffc20000 - 0x000007feffdf7000 	C:\Windows\system32\SETUPAPI.dll
0x000007fefe080000 - 0x000007fefe0b6000 	C:\Windows\system32\CFGMGR32.dll
0x000007feff540000 - 0x000007feff617000 	C:\Windows\system32\OLEAUT32.dll
0x000007fefe100000 - 0x000007fefe11a000 	C:\Windows\system32\DEVOBJ.dll
0x0000000180000000 - 0x0000000180116000 	C:\Program Files (x86)\NVIDIA Corporation\3D Vision\nvSCPAPI64.dll
0x000007fef73b0000 - 0x000007fef7457000 	C:\Windows\system32\dxgi.dll
0x000007fefba60000 - 0x000007fefbb85000 	C:\Windows\system32\dbghelp.dll

VM Arguments:
jvm_args: -Dfile.encoding=Cp1252 
java_command: model.ForestModel
Launcher Type: SUN_STANDARD

Environment Variables:
PATH=C:\Program Files (x86)\NVIDIA Corporation\PhysX\Common;C:\Program Files (x86)\ImageMagick-6.7.9-Q16;C:\Program Files\Common Files\Microsoft Shared\Windows Live;C:\Program Files (x86)\Common Files\Microsoft Shared\Windows Live;C:\Windows\system32;C:\Windows;C:\Windows\System32\Wbem;C:\Windows\System32\WindowsPowerShell\v1.0\;C:\Program Files (x86)\Windows Live\Shared;C:\Program Files (x86)\Toshiba\Bluetooth Toshiba Stack\sys\;C:\Program Files (x86)\Toshiba\Bluetooth Toshiba Stack\sys\x64\;C:\Program Files (x86)\Calibre2\;C:\Program Files\Java\jdk1.6.0_31\bin;C:\Program Files\TortoiseSVN\bin;C:\Program Files (x86)\Android\android-sdk\platform-tools;C:\Program Files (x86)\Heroku\bin;C:\Program Files (x86)\ruby-1.9.2\bin;C:\Program Files (x86)\git\bin;C:\Program Files (x86)\git\cmd;C:\Program Files\nodejs\;C:\Ruby193\bin;C:\Users\Ecchin\AppData\Roaming\npm\
USERNAME=Ecchin
OS=Windows_NT
PROCESSOR_IDENTIFIER=Intel64 Family 6 Model 42 Stepping 7, GenuineIntel



---------------  S Y S T E M  ---------------

OS: Windows 7 , 64 bit Build 7601 Service Pack 1

CPU:total 8 (4 cores per cpu, 2 threads per core) family 6 model 42 stepping 7, cmov, cx8, fxsr, mmx, sse, sse2, sse3, ssse3, sse4.1, sse4.2, popcnt, ht

Memory: 4k page, physical 8370032k(4539248k free), swap 16738212k(12601388k free)

vm_info: Java HotSpot(TM) 64-Bit Server VM (20.7-b02) for windows-amd64 JRE (1.6.0_32-b05), built on Apr  5 2012 13:39:03 by "java_re" with MS VC++ 8.0 (VS2005)

time: Fri Nov 30 12:04:18 2012
elapsed time: 63 seconds

